Build started 3/28/2018 1:52:32 AM.
     1>Project "C:\Users\sean\documents\visual studio 2010\Projects\at the end of the lab period part 3\at the end of the lab period part 3\at the end of the lab period part 3.vcxproj" on node 2 (build target(s)).
     1>InitializeBuildStatus:
         Touching "Debug\at the end of the lab period part 3.unsuccessfulbuild".
       GenerateTargetFrameworkMonikerAttribute:
       Skipping target "GenerateTargetFrameworkMonikerAttribute" because all output files are up-to-date with respect to the input files.
       ClCompile:
         All outputs are up-to-date.
         All outputs are up-to-date.
         All outputs are up-to-date.
       ResourceCompile:
         All outputs are up-to-date.
       Link:
         C:\Program Files (x86)\Microsoft Visual Studio 10.0\VC\bin\link.exe /ERRORREPORT:PROMPT /OUT:"C:\Users\sean\documents\visual studio 2010\Projects\at the end of the lab period part 3\Debug\at the end of the lab period part 3.exe" /INCREMENTAL /NOLOGO /MANIFEST /ManifestFile:"Debug\at the end of the lab period part 3.exe.intermediate.manifest" /MANIFESTUAC:"level='asInvoker' uiAccess='false'" /DEBUG /PDB:"C:\Users\sean\documents\visual studio 2010\Projects\at the end of the lab period part 3\Debug\at the end of the lab period part 3.pdb" /ASSEMBLYDEBUG /TLBID:1 /DYNAMICBASE /FIXED:NO /NXCOMPAT /MACHINE:X86 Debug\app.res
         Debug\AssemblyInfo.obj
         "Debug\at the end of the lab period part 3.obj"
         Debug\stdafx.obj
         "Debug\.NETFramework,Version=v4.0.AssemblyAttributes.obj"
     1>LINK : fatal error LNK1201: error writing to program database 'C:\Users\sean\documents\visual studio 2010\Projects\at the end of the lab period part 3\Debug\at the end of the lab period part 3.pdb'; check for insufficient disk space, invalid path, or insufficient privilege
     1>Done Building Project "C:\Users\sean\documents\visual studio 2010\Projects\at the end of the lab period part 3\at the end of the lab period part 3\at the end of the lab period part 3.vcxproj" (build target(s)) -- FAILED.

Build FAILED.

Time Elapsed 00:00:00.22
